android/app/build/intermediates/manifest_merge_blame_file/debug/manifest-merger-blame-debug-report.txt
1<?xml version="1.0" encoding="utf-8"?>
2<manifest xmlns:android="http://schemas.android.com/apk/res/android"
3    package="com.prescription"
4    android:versionCode="1"
5    android:versionName="1.0" >
6
7    <uses-sdk
8        android:minSdkVersion="21"
9        android:targetSdkVersion="30" />
10
11    <uses-permission android:name="android.permission.SYSTEM_ALERT_WINDOW" />
11-->src/main/AndroidManifest.xml:5:3-75
11-->src/main/AndroidManifest.xml:5:20-73
12    <uses-permission android:name="android.permission.INTERNET" /> <!-- OPTIONAL PERMISSIONS, REMOVE WHATEVER YOU DO NOT NEED -->
12-->src/main/AndroidManifest.xml:2:3-64
12-->src/main/AndroidManifest.xml:2:20-62
13    <uses-permission android:name="android.permission.ACCESS_FINE_LOCATION" />
13-->src/main/AndroidManifest.xml:4:3-77
13-->src/main/AndroidManifest.xml:4:20-74
14    <uses-permission android:name="android.permission.READ_PHONE_STATE" />
14-->src/main/AndroidManifest.xml:6:3-72
14-->src/main/AndroidManifest.xml:6:20-70
15    <uses-permission android:name="android.permission.VIBRATE" />
15-->src/main/AndroidManifest.xml:7:3-63
15-->src/main/AndroidManifest.xml:7:20-61
16    <uses-permission android:name="android.permission.MODIFY_AUDIO_SETTINGS" /> <!-- These require runtime permissions on M -->
16-->src/main/AndroidManifest.xml:8:3-77
16-->src/main/AndroidManifest.xml:8:20-75
17    <uses-permission android:name="android.permission.READ_EXTERNAL_STORAGE" />
17-->src/main/AndroidManifest.xml:10:3-77
17-->src/main/AndroidManifest.xml:10:20-75
18    <uses-permission android:name="android.permission.WRITE_EXTERNAL_STORAGE" />
18-->src/main/AndroidManifest.xml:11:3-78
18-->src/main/AndroidManifest.xml:11:20-76
19    <uses-permission android:name="android.permission.ACCESS_WIFI_STATE" />
19-->[com.facebook.flipper:flipper:0.54.0] AndroidManifest.xml:16:5-76
19-->[com.facebook.flipper:flipper:0.54.0] AndroidManifest.xml:16:22-73
20    <uses-permission android:name="android.permission.ACCESS_NETWORK_STATE" />
20-->[:expo-updates] AndroidManifest.xml:11:5-79
20-->[:expo-updates] AndroidManifest.xml:11:22-76
21    <uses-permission android:name="android.permission.ACCESS_COARSE_LOCATION" /> <!-- Required for picking images from camera directly -->
21-->[:react-native-maps] AndroidManifest.xml:10:5-81
21-->[:react-native-maps] AndroidManifest.xml:10:22-78
22    <uses-permission android:name="android.permission.CAMERA" />
22-->[:expo-image-picker] AndroidManifest.xml:11:5-65
22-->[:expo-image-picker] AndroidManifest.xml:11:22-62
23
24    <queries>
24-->[:expo-image-picker] AndroidManifest.xml:17:5-28:15
25        <intent>
25-->[:expo-image-picker] AndroidManifest.xml:18:9-22:18
26
27            <!-- Required for picking images from the camera roll if targeting API 30 -->
28            <action android:name="android.media.action.IMAGE_CAPTURE" />
28-->[:expo-image-picker] AndroidManifest.xml:21:13-73
28-->[:expo-image-picker] AndroidManifest.xml:21:21-70
29        </intent>
30        <intent>
30-->[:expo-image-picker] AndroidManifest.xml:23:9-27:18
31
32            <!-- Required for picking images from the camera if targeting API 30 -->
33            <action android:name="android.media.action.ACTION_VIDEO_CAPTURE" />
33-->[:expo-image-picker] AndroidManifest.xml:26:13-80
33-->[:expo-image-picker] AndroidManifest.xml:26:21-77
34        </intent>
35    </queries>
36
37    <uses-feature
37-->[com.google.android.gms:play-services-maps:17.0.0] AndroidManifest.xml:26:5-28:35
38        android:glEsVersion="0x00020000"
38-->[com.google.android.gms:play-services-maps:17.0.0] AndroidManifest.xml:27:9-41
39        android:required="true" />
39-->[com.google.android.gms:play-services-maps:17.0.0] AndroidManifest.xml:28:9-32
40
41    <uses-permission android:name="com.google.android.finsky.permission.BIND_GET_INSTALL_REFERRER_SERVICE" />
41-->[com.android.installreferrer:installreferrer:1.0] AndroidManifest.xml:9:5-110
41-->[com.android.installreferrer:installreferrer:1.0] AndroidManifest.xml:9:22-107
42
43    <application
43-->src/main/AndroidManifest.xml:13:3-40:17
44        android:name="com.prescription.MainApplication"
44-->src/main/AndroidManifest.xml:14:5-36
45        android:allowBackup="false"
45-->src/main/AndroidManifest.xml:18:5-32
46        android:appComponentFactory="androidx.core.app.CoreComponentFactory"
46-->[androidx.core:core:1.3.0] AndroidManifest.xml:24:18-86
47        android:debuggable="true"
48        android:icon="@mipmap/ic_launcher"
48-->src/main/AndroidManifest.xml:16:5-39
49        android:label="@string/app_name"
49-->src/main/AndroidManifest.xml:15:5-37
50        android:roundIcon="@mipmap/ic_launcher_round"
50-->src/main/AndroidManifest.xml:17:5-50
51        android:theme="@style/AppTheme"
51-->src/main/AndroidManifest.xml:19:5-36
52        android:usesCleartextTraffic="true" >
52-->src/debug/AndroidManifest.xml:6:18-53
53        <meta-data
53-->src/main/AndroidManifest.xml:22:5-103
54            android:name="expo.modules.updates.EXPO_UPDATE_URL"
54-->src/main/AndroidManifest.xml:22:16-67
55            android:value="YOUR-APP-URL-HERE" />
55-->src/main/AndroidManifest.xml:22:68-101
56        <meta-data
56-->src/main/AndroidManifest.xml:23:5-112
57            android:name="expo.modules.updates.EXPO_SDK_VERSION"
57-->src/main/AndroidManifest.xml:23:16-68
58            android:value="YOUR-APP-SDK-VERSION-HERE" />
58-->src/main/AndroidManifest.xml:23:69-110
59
60        <activity
60-->src/main/AndroidManifest.xml:24:5-36:16
61            android:name="com.prescription.MainActivity"
61-->src/main/AndroidManifest.xml:25:7-35
62            android:configChanges="keyboard|keyboardHidden|orientation|screenSize|uiMode"
62-->src/main/AndroidManifest.xml:27:7-84
63            android:label="@string/app_name"
63-->src/main/AndroidManifest.xml:26:7-39
64            android:launchMode="singleTask"
64-->src/main/AndroidManifest.xml:28:7-38
65            android:theme="@style/Theme.App.SplashScreen"
65-->src/main/AndroidManifest.xml:30:7-52
66            android:windowSoftInputMode="adjustResize" >
66-->src/main/AndroidManifest.xml:29:7-49
67            <intent-filter>
67-->src/main/AndroidManifest.xml:32:7-35:23
68                <action android:name="android.intent.action.MAIN" />
68-->src/main/AndroidManifest.xml:33:9-60
68-->src/main/AndroidManifest.xml:33:17-58
69
70                <category android:name="android.intent.category.LAUNCHER" />
70-->src/main/AndroidManifest.xml:34:9-68
70-->src/main/AndroidManifest.xml:34:19-66
71            </intent-filter>
72        </activity>
73
74        <meta-data
74-->src/main/AndroidManifest.xml:37:5-38:29
75            android:name="com.google.android.maps.v2.API_KEY"
75-->src/main/AndroidManifest.xml:37:16-65
76            android:value="" />
76-->src/main/AndroidManifest.xml:38:11-27
77
78        <activity android:name="com.facebook.react.devsupport.DevSettingsActivity" />
78-->src/main/AndroidManifest.xml:39:5-81
78-->src/main/AndroidManifest.xml:39:15-79
79
80        <meta-data
80-->[:unimodules-react-native-adapter] AndroidManifest.xml:12:9-14:91
81            android:name="org.unimodules.core.AppLoader#react-native-headless"
81-->[:unimodules-react-native-adapter] AndroidManifest.xml:13:13-79
82            android:value="org.unimodules.adapters.react.apploader.RNHeadlessAppLoader" />
82-->[:unimodules-react-native-adapter] AndroidManifest.xml:14:13-88
83
84        <provider
84-->[:expo-file-system] AndroidManifest.xml:17:9-26:20
85            android:name="expo.modules.filesystem.FileSystemFileProvider"
85-->[:expo-file-system] AndroidManifest.xml:18:13-74
86            android:authorities="com.prescription.FileSystemFileProvider"
86-->[:expo-file-system] AndroidManifest.xml:19:13-74
87            android:exported="false"
87-->[:expo-file-system] AndroidManifest.xml:20:13-37
88            android:grantUriPermissions="true" >
88-->[:expo-file-system] AndroidManifest.xml:21:13-47
89            <meta-data
89-->[:expo-file-system] AndroidManifest.xml:23:13-25:70
90                android:name="android.support.FILE_PROVIDER_PATHS"
90-->[:expo-file-system] AndroidManifest.xml:24:17-67
91                android:resource="@xml/file_system_provider_paths" />
91-->[:expo-file-system] AndroidManifest.xml:25:17-67
92        </provider>
93
94        <activity
94-->[:expo-image-picker] AndroidManifest.xml:31:9-33:59
95            android:name="com.theartofdev.edmodo.cropper.CropImageActivity"
95-->[:expo-image-picker] AndroidManifest.xml:32:13-76
96            android:theme="@style/Base.Theme.AppCompat" /> <!-- https://developer.android.com/guide/topics/manifest/provider-element.html -->
96-->[:expo-image-picker] AndroidManifest.xml:33:13-56
97        <provider
97-->[:expo-image-picker] AndroidManifest.xml:35:9-43:20
98            android:name="expo.modules.imagepicker.ImagePickerFileProvider"
98-->[:expo-image-picker] AndroidManifest.xml:36:13-76
99            android:authorities="com.prescription.ImagePickerFileProvider"
99-->[:expo-image-picker] AndroidManifest.xml:37:13-75
100            android:exported="false"
100-->[:expo-image-picker] AndroidManifest.xml:38:13-37
101            android:grantUriPermissions="true" >
101-->[:expo-image-picker] AndroidManifest.xml:39:13-47
102            <meta-data
102-->[:expo-file-system] AndroidManifest.xml:23:13-25:70
103                android:name="android.support.FILE_PROVIDER_PATHS"
103-->[:expo-file-system] AndroidManifest.xml:24:17-67
104                android:resource="@xml/image_picker_provider_paths" />
104-->[:expo-file-system] AndroidManifest.xml:25:17-67
105        </provider> <!-- Needs to be explicitly declared on P+ -->
106        <uses-library
106-->[com.google.android.gms:play-services-maps:17.0.0] AndroidManifest.xml:33:9-35:40
107            android:name="org.apache.http.legacy"
107-->[com.google.android.gms:play-services-maps:17.0.0] AndroidManifest.xml:34:13-50
108            android:required="false" />
108-->[com.google.android.gms:play-services-maps:17.0.0] AndroidManifest.xml:35:13-37
109
110        <activity
110-->[com.google.android.gms:play-services-base:17.0.0] AndroidManifest.xml:23:9-26:75
111            android:name="com.google.android.gms.common.api.GoogleApiActivity"
111-->[com.google.android.gms:play-services-base:17.0.0] AndroidManifest.xml:24:13-79
112            android:exported="false"
112-->[com.google.android.gms:play-services-base:17.0.0] AndroidManifest.xml:25:13-37
113            android:theme="@android:style/Theme.Translucent.NoTitleBar" />
113-->[com.google.android.gms:play-services-base:17.0.0] AndroidManifest.xml:26:13-72
114
115        <meta-data
115-->[com.google.android.gms:play-services-basement:17.0.0] AndroidManifest.xml:23:9-25:69
116            android:name="com.google.android.gms.version"
116-->[com.google.android.gms:play-services-basement:17.0.0] AndroidManifest.xml:24:13-58
117            android:value="@integer/google_play_services_version" />
117-->[com.google.android.gms:play-services-basement:17.0.0] AndroidManifest.xml:25:13-66
118
119        <service
119-->[androidx.room:room-runtime:2.1.0] AndroidManifest.xml:25:9-27:40
120            android:name="androidx.room.MultiInstanceInvalidationService"
120-->[androidx.room:room-runtime:2.1.0] AndroidManifest.xml:26:13-74
121            android:exported="false" />
121-->[androidx.room:room-runtime:2.1.0] AndroidManifest.xml:27:13-37
122    </application>
123
124</manifest>